<?xml version="1.0" encoding="UTF-8"?>
<!-- Generated by org.testng.reporters.JUnitXMLReporter -->
<testsuite hostname="hubert" name="Default test" tests="7" failures="0" timestamp="30 Jan 2016 05:05:08 GMT" time="0.094" errors="0">
  <testcase name="subCompArrayWithParams" time="0.071" classname="com.ojcoleman.europa.ConfigurableComponentSubcomponentsTest"/>
  <testcase name="subCompDefault" time="0.001" classname="com.ojcoleman.europa.ConfigurableComponentSubcomponentsTest"/>
  <testcase name="subCompInvalid" time="0.001" classname="com.ojcoleman.europa.ConfigurableComponentSubcomponentsTest"/>
  <testcase name="subCompOptional" time="0.0" classname="com.ojcoleman.europa.ConfigurableComponentSubcomponentsTest"/>
  <testcase name="subCompRequired" time="0.001" classname="com.ojcoleman.europa.ConfigurableComponentSubcomponentsTest"/>
  <testcase name="subCompSetImpl" time="0.001" classname="com.ojcoleman.europa.ConfigurableComponentSubcomponentsTest"/>
  <testcase name="subCompWithParams" time="0.001" classname="com.ojcoleman.europa.ConfigurableComponentSubcomponentsTest"/>
</testsuite> <!-- Default test -->
