<?xml version="1.0" encoding="UTF-8"?>
<testng-results skipped="0" failed="0" total="7" passed="7">
  <reporter-output>
  </reporter-output>
  <suite name="Default suite" duration-ms="88" started-at="2016-03-27T06:46:28Z" finished-at="2016-03-27T06:46:28Z">
    <groups>
    </groups>
    <test name="Default test" duration-ms="88" started-at="2016-03-27T06:46:28Z" finished-at="2016-03-27T06:46:28Z">
      <class name="com.ojcoleman.europa.ConfigurableComponentSubcomponentsTest">
        <test-method status="PASS" signature="subCompArrayWithParams()[pri:0, instance:com.ojcoleman.europa.ConfigurableComponentSubcomponentsTest@e478e18]" name="subCompArrayWithParams" duration-ms="66" started-at="2016-03-27T17:46:28Z" finished-at="2016-03-27T17:46:28Z">
          <reporter-output>
          </reporter-output>
        </test-method> <!-- subCompArrayWithParams -->
        <test-method status="PASS" signature="subCompDefault()[pri:0, instance:com.ojcoleman.europa.ConfigurableComponentSubcomponentsTest@e478e18]" name="subCompDefault" duration-ms="0" started-at="2016-03-27T17:46:28Z" finished-at="2016-03-27T17:46:28Z">
          <reporter-output>
          </reporter-output>
        </test-method> <!-- subCompDefault -->
        <test-method status="PASS" signature="subCompInvalid()[pri:0, instance:com.ojcoleman.europa.ConfigurableComponentSubcomponentsTest@e478e18]" name="subCompInvalid" duration-ms="1" started-at="2016-03-27T17:46:28Z" finished-at="2016-03-27T17:46:28Z">
          <reporter-output>
          </reporter-output>
        </test-method> <!-- subCompInvalid -->
        <test-method status="PASS" signature="subCompOptional()[pri:0, instance:com.ojcoleman.europa.ConfigurableComponentSubcomponentsTest@e478e18]" name="subCompOptional" duration-ms="1" started-at="2016-03-27T17:46:28Z" finished-at="2016-03-27T17:46:28Z">
          <reporter-output>
          </reporter-output>
        </test-method> <!-- subCompOptional -->
        <test-method status="PASS" signature="subCompRequired()[pri:0, instance:com.ojcoleman.europa.ConfigurableComponentSubcomponentsTest@e478e18]" name="subCompRequired" duration-ms="0" started-at="2016-03-27T17:46:28Z" finished-at="2016-03-27T17:46:28Z">
          <reporter-output>
          </reporter-output>
        </test-method> <!-- subCompRequired -->
        <test-method status="PASS" signature="subCompSetImpl()[pri:0, instance:com.ojcoleman.europa.ConfigurableComponentSubcomponentsTest@e478e18]" name="subCompSetImpl" duration-ms="1" started-at="2016-03-27T17:46:28Z" finished-at="2016-03-27T17:46:28Z">
          <reporter-output>
          </reporter-output>
        </test-method> <!-- subCompSetImpl -->
        <test-method status="PASS" signature="subCompWithParams()[pri:0, instance:com.ojcoleman.europa.ConfigurableComponentSubcomponentsTest@e478e18]" name="subCompWithParams" duration-ms="1" started-at="2016-03-27T17:46:28Z" finished-at="2016-03-27T17:46:28Z">
          <reporter-output>
          </reporter-output>
        </test-method> <!-- subCompWithParams -->
      </class> <!-- com.ojcoleman.europa.ConfigurableComponentSubcomponentsTest -->
    </test> <!-- Default test -->
  </suite> <!-- Default suite -->
</testng-results>
